# JRE version: Java(TM) SE Runtime Environment (24.0+36) (build 24+36-3646)
# Java VM: Java HotSpot(TM) 64-Bit Server VM (24+36-3646, mixed mode, sharing, tiered, compressed oops, compressed class ptrs, g1 gc, windows-amd64)
GC Precious Log:
 CardTable entry size: 512
 Card Set container configuration: InlinePtr #cards 4 size 8 Array Of Cards #cards 16 size 48 Howl #buckets 8 coarsen threshold 3686 Howl Bitmap #cards 512 size 80 coarsen threshold 460 Card regions per heap region 1 cards per card region 4096
 CPUs: 12 total, 12 available
 Memory: 16215M
 Large Page Support: Disabled
 NUMA Support: Disabled
 Compressed Oops: Enabled (Zero based)
 Heap Region Size: 2M
 Heap Min Capacity: 8M
 Heap Initial Capacity: 254M
 Heap Max Capacity: 4054M
 Pre-touch: Disabled
 Parallel Workers: 10
 Concurrent Workers: 3
 Concurrent Refinement Workers: 10
 Periodic GC: Disabled
Heap:
 garbage-first heap   total reserved 4151296K, committed 69632K, used 17524K [0x0000000702a00000, 0x0000000800000000)
  region size 2048K, 6 young (12288K), 5 survivors (10240K)
 Metaspace       used 21300K, committed 21696K, reserved 1114112K
  class space    used 2061K, committed 2240K, reserved 1048576K
GC Heap History (6 events):
Event: 1.186 GC heap before
{Heap before GC invocations=0 (full 0):
 garbage-first heap   total reserved 4151296K, committed 262144K, used 50292K [0x0000000702a00000, 0x0000000800000000)
  region size 2048K, 24 young (49152K), 0 survivors (0K)
 Metaspace       used 9927K, committed 10176K, reserved 1114112K
  class space    used 993K, committed 1088K, reserved 1048576K
}
Event: 1.196 GC heap after
{Heap after GC invocations=1 (full 0):
 garbage-first heap   total reserved 4151296K, committed 262144K, used 9492K [0x0000000702a00000, 0x0000000800000000)
  region size 2048K, 3 young (6144K), 3 survivors (6144K)
 Metaspace       used 9927K, committed 10176K, reserved 1114112K
  class space    used 993K, committed 1088K, reserved 1048576K
}
Event: 2.632 GC heap before
{Heap before GC invocations=1 (full 0):
 garbage-first heap   total reserved 4151296K, committed 262144K, used 120084K [0x0000000702a00000, 0x0000000800000000)
  region size 2048K, 57 young (116736K), 3 survivors (6144K)
 Metaspace       used 12552K, committed 12800K, reserved 1114112K
  class space    used 1200K, committed 1344K, reserved 1048576K
}
Event: 2.643 GC heap after
{Heap after GC invocations=2 (full 0):
 garbage-first heap   total reserved 4151296K, committed 262144K, used 13150K [0x0000000702a00000, 0x0000000800000000)
  region size 2048K, 5 young (10240K), 5 survivors (10240K)
 Metaspace       used 12552K, committed 12800K, reserved 1114112K
  class space    used 1200K, committed 1344K, reserved 1048576K
}
Event: 3.736 GC heap before
{Heap before GC invocations=2 (full 0):
 garbage-first heap   total reserved 4151296K, committed 262144K, used 80734K [0x0000000702a00000, 0x0000000800000000)
  region size 2048K, 37 young (75776K), 5 survivors (10240K)
 Metaspace       used 21099K, committed 21504K, reserved 1114112K
  class space    used 2039K, committed 2240K, reserved 1048576K
}
Event: 3.747 GC heap after
{Heap after GC invocations=3 (full 0):
 garbage-first heap   total reserved 4151296K, committed 262144K, used 17524K [0x0000000702a00000, 0x0000000800000000)
  region size 2048K, 5 young (10240K), 5 survivors (10240K)
 Metaspace       used 21099K, committed 21504K, reserved 1114112K
  class space    used 2039K, committed 2240K, reserved 1048576K
}

